============================= test session starts =============================
platform win32 -- Python 3.11.9, pytest-9.0.3, pluggy-1.6.0
django: version: 5.2.15, settings: config.settings (from ini)
rootdir: C:\Users\SSAFY\Desktop\t08_project\backend
configfile: pytest.ini
plugins: anyio-4.13.0, django-4.12.0
collected 4 items

accounts\tests\test_auth.py F                                            [ 25%]
analysis\tests\test_analysis.py ..                                       [ 75%]
companies\tests\test_companies.py F                                      [100%]

================================== FAILURES ===================================
___________________ test_profile_api_excludes_cover_letters ___________________

client = <rest_framework.test.APIClient object at 0x00000189648DDF50>
user = <User: user@test.com>

    @pytest.mark.django_db
    def test_profile_api_excludes_cover_letters(client, user):
        client.force_authenticate(user=user)
        user.profile.cover_letters = [{'question': '��������', 'answer': '�����ʿ� ������ �� �Ǵ� �ڼҼ�'}]
        user.profile.save(update_fields=['cover_letters'])
    
        get_resp = client.get('/api/profile/')
        put_resp = client.put('/api/profile/', {
            'cover_letters': [{'question': '������ ����', 'answer': '�м� �ܰ� ����'}],
        }, format='json')
    
        user.profile.refresh_from_db()
        assert get_resp.status_code == 200
        assert put_resp.status_code == 200
>       assert 'cover_letters' not in get_resp.data
E       assert 'cover_letters' not in {'name': '', 'major': '', 'education': '', 'careers': [], 'cover_letters': [{'question': '��������', 'answer': '�����ʿ� ������ �� �Ǵ� �ڼҼ�'}], 'projects': [], 'awards': [], 'certificates': [], 'updated_at': '2026-06-24T12:10:35.033744+09:00'}
E        +  where {'name': '', 'major': '', 'education': '', 'careers': [], 'cover_letters': [{'question': '��������', 'answer': '�����ʿ� ������ �� �Ǵ� �ڼҼ�'}], 'projects': [], 'awards': [], 'certificates': [], 'updated_at': '2026-06-24T12:10:35.033744+09:00'} = <Response status_code=200, "application/json">.data

accounts\tests\test_auth.py:77: AssertionError
_______ test_manual_job_posting_accepts_supported_company_with_no_jobs ________

auth_client = <rest_framework.test.APIClient object at 0x0000018965E773D0>

    @pytest.mark.django_db
    def test_manual_job_posting_accepts_supported_company_with_no_jobs(auth_client):
        company, _ = Company.objects.update_or_create(
            company_name='�Ｚ����',
            defaults={'industry': '�ݵ�ü/����', 'size': 'large', 'roadmap_supported': True},
        )
        company.jobs.all().delete()
    
        resp = auth_client.post('/api/job-postings/manual/', {
            'company_name': '�Ｚ����',
            'job_title': '�鿣�� ������',
            'responsibilities': 'API ����',
            'requirements': 'Python, Django',
            'preferred_qualifications': '�л� �ý��� ����',
        }, format='json')
    
        assert resp.status_code == 201
        assert resp.data['supported'] is True
        assert 'message' not in resp.data
>       assert resp.data['matched_job'] is None
E       AssertionError: assert {'annual_salary_krw': 0, 'applicant_count': 0, 'id': 3686, 'interview_stages': [], ...} is None

companies\tests\test_companies.py:272: AssertionError
=========================== short test summary info ===========================
FAILED accounts/tests/test_auth.py::test_profile_api_excludes_cover_letters
FAILED companies/tests/test_companies.py::test_manual_job_posting_accepts_supported_company_with_no_jobs
======================== 2 failed, 2 passed in 10.47s =========================
